<?xml version="1.0" encoding="UTF-8"?>
<!-- Generated by org.testng.reporters.JUnitReportReporter -->
<testsuite skipped="0" hostname="TYSS-4F-070" name="script.PurchaseItem" tests="1" failures="0" timestamp="19 Apr 2018 01:57:24 GMT" time="116.937" errors="0">
  <testcase name="testPurshaseItem" time="116.937" classname="script.PurchaseItem"/>
</testsuite> <!-- script.PurchaseItem -->
