<?xml version="1.0" encoding="UTF-8"?>
<!-- Generated by org.testng.reporters.JUnitReportReporter -->
<testsuite skipped="0" hostname="TYSS-4F-070" name="script.SearchandPurchase" tests="1" failures="0" timestamp="19 Apr 2018 05:27:36 GMT" time="82.134" errors="0">
  <testcase name="testSearchandPurchase" time="82.134" classname="script.SearchandPurchase"/>
</testsuite> <!-- script.SearchandPurchase -->
